mode: atomic
github.com/keptn/keptn/lighthouse-service/event_handler/common.go:22.31,23.32 1 3
github.com/keptn/keptn/lighthouse-service/event_handler/common.go:26.2,26.40 1 0
github.com/keptn/keptn/lighthouse-service/event_handler/common.go:23.32,25.3 1 3
github.com/keptn/keptn/lighthouse-service/event_handler/common.go:41.99,43.16 2 3
github.com/keptn/keptn/lighthouse-service/event_handler/common.go:46.2,48.16 3 0
github.com/keptn/keptn/lighthouse-service/event_handler/common.go:64.2,64.53 1 0
github.com/keptn/keptn/lighthouse-service/event_handler/common.go:68.2,70.16 2 0
github.com/keptn/keptn/lighthouse-service/event_handler/common.go:74.2,74.17 1 0
github.com/keptn/keptn/lighthouse-service/event_handler/common.go:43.16,45.3 1 3
github.com/keptn/keptn/lighthouse-service/event_handler/common.go:48.16,52.18 3 0
github.com/keptn/keptn/lighthouse-service/event_handler/common.go:52.18,53.76 1 0
github.com/keptn/keptn/lighthouse-service/event_handler/common.go:53.76,55.5 1 0
github.com/keptn/keptn/lighthouse-service/event_handler/common.go:55.10,55.81 1 0
github.com/keptn/keptn/lighthouse-service/event_handler/common.go:55.81,57.5 1 0
github.com/keptn/keptn/lighthouse-service/event_handler/common.go:57.10,57.83 1 0
github.com/keptn/keptn/lighthouse-service/event_handler/common.go:57.83,59.5 1 0
github.com/keptn/keptn/lighthouse-service/event_handler/common.go:60.9,62.4 1 0
github.com/keptn/keptn/lighthouse-service/event_handler/common.go:64.53,66.3 1 0
github.com/keptn/keptn/lighthouse-service/event_handler/common.go:70.16,72.3 1 0
github.com/keptn/keptn/lighthouse-service/event_handler/common.go:77.68,81.16 3 3
github.com/keptn/keptn/lighthouse-service/event_handler/common.go:85.2,85.27 1 3
github.com/keptn/keptn/lighthouse-service/event_handler/common.go:94.2,94.27 1 3
github.com/keptn/keptn/lighthouse-service/event_handler/common.go:106.2,106.43 1 3
github.com/keptn/keptn/lighthouse-service/event_handler/common.go:112.2,112.17 1 3
github.com/keptn/keptn/lighthouse-service/event_handler/common.go:81.16,83.3 1 0
github.com/keptn/keptn/lighthouse-service/event_handler/common.go:85.27,92.3 1 1
github.com/keptn/keptn/lighthouse-service/event_handler/common.go:94.27,95.50 1 3
github.com/keptn/keptn/lighthouse-service/event_handler/common.go:98.3,98.52 1 3
github.com/keptn/keptn/lighthouse-service/event_handler/common.go:101.3,101.45 1 3
github.com/keptn/keptn/lighthouse-service/event_handler/common.go:95.50,97.4 1 1
github.com/keptn/keptn/lighthouse-service/event_handler/common.go:98.52,100.4 1 1
github.com/keptn/keptn/lighthouse-service/event_handler/common.go:101.45,103.4 1 1
github.com/keptn/keptn/lighthouse-service/event_handler/common.go:106.43,107.28 1 9
github.com/keptn/keptn/lighthouse-service/event_handler/common.go:107.28,109.4 1 6
github.com/keptn/keptn/lighthouse-service/event_handler/common.go:115.123,124.17 8 6
github.com/keptn/keptn/lighthouse-service/event_handler/common.go:128.2,129.43 2 6
github.com/keptn/keptn/lighthouse-service/event_handler/common.go:124.17,126.3 1 6
github.com/keptn/keptn/lighthouse-service/event_handler/common.go:132.183,154.2 2 0
github.com/keptn/keptn/lighthouse-service/event_handler/common.go:166.69,168.16 2 0
github.com/keptn/keptn/lighthouse-service/event_handler/common.go:172.2,174.16 2 0
github.com/keptn/keptn/lighthouse-service/event_handler/common.go:178.2,180.25 2 0
github.com/keptn/keptn/lighthouse-service/event_handler/common.go:168.16,170.3 1 0
github.com/keptn/keptn/lighthouse-service/event_handler/common.go:174.16,176.3 1 0
github.com/keptn/keptn/lighthouse-service/event_handler/common.go:184.76,186.16 2 0
github.com/keptn/keptn/lighthouse-service/event_handler/common.go:190.2,192.16 2 0
github.com/keptn/keptn/lighthouse-service/event_handler/common.go:196.2,198.25 2 0
github.com/keptn/keptn/lighthouse-service/event_handler/common.go:186.16,188.3 1 0
github.com/keptn/keptn/lighthouse-service/event_handler/common.go:192.16,194.3 1 0
github.com/keptn/keptn/lighthouse-service/event_handler/configure_monitoring_handler.go:21.59,28.16 5 0
github.com/keptn/keptn/lighthouse-service/event_handler/configure_monitoring_handler.go:33.2,36.16 3 0
github.com/keptn/keptn/lighthouse-service/event_handler/configure_monitoring_handler.go:40.2,40.16 1 0
github.com/keptn/keptn/lighthouse-service/event_handler/configure_monitoring_handler.go:44.2,46.16 2 0
github.com/keptn/keptn/lighthouse-service/event_handler/configure_monitoring_handler.go:52.2,52.12 1 0
github.com/keptn/keptn/lighthouse-service/event_handler/configure_monitoring_handler.go:28.16,31.3 2 0
github.com/keptn/keptn/lighthouse-service/event_handler/configure_monitoring_handler.go:36.16,38.3 1 0
github.com/keptn/keptn/lighthouse-service/event_handler/configure_monitoring_handler.go:40.16,43.3 2 0
github.com/keptn/keptn/lighthouse-service/event_handler/configure_monitoring_handler.go:46.16,48.17 2 0
github.com/keptn/keptn/lighthouse-service/event_handler/configure_monitoring_handler.go:48.17,50.4 1 0
github.com/keptn/keptn/lighthouse-service/event_handler/configure_monitoring_handler.go:55.50,59.16 3 0
github.com/keptn/keptn/lighthouse-service/event_handler/configure_monitoring_handler.go:63.2,64.16 2 0
github.com/keptn/keptn/lighthouse-service/event_handler/configure_monitoring_handler.go:67.2,67.21 1 0
github.com/keptn/keptn/lighthouse-service/event_handler/configure_monitoring_handler.go:59.16,61.3 1 0
github.com/keptn/keptn/lighthouse-service/event_handler/configure_monitoring_handler.go:64.16,66.3 1 0
github.com/keptn/keptn/lighthouse-service/event_handler/configure_monitoring_handler.go:70.120,81.2 2 2
github.com/keptn/keptn/lighthouse-service/event_handler/evaluate_sli_handler.go:47.51,61.57 6 0
github.com/keptn/keptn/lighthouse-service/event_handler/evaluate_sli_handler.go:66.2,68.16 2 0
github.com/keptn/keptn/lighthouse-service/event_handler/evaluate_sli_handler.go:73.2,76.16 3 0
github.com/keptn/keptn/lighthouse-service/event_handler/evaluate_sli_handler.go:100.2,103.16 3 0
github.com/keptn/keptn/lighthouse-service/event_handler/evaluate_sli_handler.go:111.2,112.57 2 0
github.com/keptn/keptn/lighthouse-service/event_handler/evaluate_sli_handler.go:118.2,119.16 2 0
github.com/keptn/keptn/lighthouse-service/event_handler/evaluate_sli_handler.go:123.2,126.47 2 0
github.com/keptn/keptn/lighthouse-service/event_handler/evaluate_sli_handler.go:130.2,136.16 5 0
github.com/keptn/keptn/lighthouse-service/event_handler/evaluate_sli_handler.go:139.2,145.31 4 0
github.com/keptn/keptn/lighthouse-service/event_handler/evaluate_sli_handler.go:154.2,154.150 1 0
github.com/keptn/keptn/lighthouse-service/event_handler/evaluate_sli_handler.go:61.57,65.3 3 0
github.com/keptn/keptn/lighthouse-service/event_handler/evaluate_sli_handler.go:68.16,71.3 2 0
github.com/keptn/keptn/lighthouse-service/event_handler/evaluate_sli_handler.go:76.16,77.32 1 0
github.com/keptn/keptn/lighthouse-service/event_handler/evaluate_sli_handler.go:97.3,97.111 1 0
github.com/keptn/keptn/lighthouse-service/event_handler/evaluate_sli_handler.go:77.32,96.4 3 0
github.com/keptn/keptn/lighthouse-service/event_handler/evaluate_sli_handler.go:103.16,106.3 2 0
github.com/keptn/keptn/lighthouse-service/event_handler/evaluate_sli_handler.go:106.8,108.3 1 0
github.com/keptn/keptn/lighthouse-service/event_handler/evaluate_sli_handler.go:112.57,114.3 1 0
github.com/keptn/keptn/lighthouse-service/event_handler/evaluate_sli_handler.go:114.8,114.66 1 0
github.com/keptn/keptn/lighthouse-service/event_handler/evaluate_sli_handler.go:114.66,116.3 1 0
github.com/keptn/keptn/lighthouse-service/event_handler/evaluate_sli_handler.go:119.16,121.3 1 0
github.com/keptn/keptn/lighthouse-service/event_handler/evaluate_sli_handler.go:126.47,128.3 1 0
github.com/keptn/keptn/lighthouse-service/event_handler/evaluate_sli_handler.go:136.16,138.3 1 0
github.com/keptn/keptn/lighthouse-service/event_handler/evaluate_sli_handler.go:145.31,146.56 1 0
github.com/keptn/keptn/lighthouse-service/event_handler/evaluate_sli_handler.go:146.56,151.4 4 0
github.com/keptn/keptn/lighthouse-service/event_handler/evaluate_sli_handler.go:157.223,173.49 5 6
github.com/keptn/keptn/lighthouse-service/event_handler/evaluate_sli_handler.go:245.2,246.63 2 6
github.com/keptn/keptn/lighthouse-service/event_handler/evaluate_sli_handler.go:173.49,175.30 1 8
github.com/keptn/keptn/lighthouse-service/event_handler/evaluate_sli_handler.go:178.3,181.20 3 8
github.com/keptn/keptn/lighthouse-service/event_handler/evaluate_sli_handler.go:192.3,197.75 3 8
github.com/keptn/keptn/lighthouse-service/event_handler/evaluate_sli_handler.go:207.3,211.55 5 8
github.com/keptn/keptn/lighthouse-service/event_handler/evaluate_sli_handler.go:221.3,221.16 1 8
github.com/keptn/keptn/lighthouse-service/event_handler/evaluate_sli_handler.go:233.3,235.30 2 8
github.com/keptn/keptn/lighthouse-service/event_handler/evaluate_sli_handler.go:243.3,243.75 1 8
github.com/keptn/keptn/lighthouse-service/event_handler/evaluate_sli_handler.go:175.30,177.4 1 6
github.com/keptn/keptn/lighthouse-service/event_handler/evaluate_sli_handler.go:181.20,190.12 4 0
github.com/keptn/keptn/lighthouse-service/event_handler/evaluate_sli_handler.go:197.75,198.51 1 7
github.com/keptn/keptn/lighthouse-service/event_handler/evaluate_sli_handler.go:198.51,199.69 1 7
github.com/keptn/keptn/lighthouse-service/event_handler/evaluate_sli_handler.go:199.69,200.73 1 7
github.com/keptn/keptn/lighthouse-service/event_handler/evaluate_sli_handler.go:200.73,202.7 1 5
github.com/keptn/keptn/lighthouse-service/event_handler/evaluate_sli_handler.go:211.55,213.16 2 6
github.com/keptn/keptn/lighthouse-service/event_handler/evaluate_sli_handler.go:213.16,216.5 2 4
github.com/keptn/keptn/lighthouse-service/event_handler/evaluate_sli_handler.go:217.9,219.4 1 2
github.com/keptn/keptn/lighthouse-service/event_handler/evaluate_sli_handler.go:221.16,222.62 1 2
github.com/keptn/keptn/lighthouse-service/event_handler/evaluate_sli_handler.go:222.62,224.18 2 1
github.com/keptn/keptn/lighthouse-service/event_handler/evaluate_sli_handler.go:224.18,227.6 2 1
github.com/keptn/keptn/lighthouse-service/event_handler/evaluate_sli_handler.go:228.10,230.5 1 1
github.com/keptn/keptn/lighthouse-service/event_handler/evaluate_sli_handler.go:235.30,236.24 1 1
github.com/keptn/keptn/lighthouse-service/event_handler/evaluate_sli_handler.go:239.4,240.33 2 1
github.com/keptn/keptn/lighthouse-service/event_handler/evaluate_sli_handler.go:236.24,238.5 1 0
github.com/keptn/keptn/lighthouse-service/event_handler/evaluate_sli_handler.go:249.174,250.33 1 3
github.com/keptn/keptn/lighthouse-service/event_handler/evaluate_sli_handler.go:257.2,258.70 2 2
github.com/keptn/keptn/lighthouse-service/event_handler/evaluate_sli_handler.go:261.2,263.68 3 2
github.com/keptn/keptn/lighthouse-service/event_handler/evaluate_sli_handler.go:266.2,267.16 2 2
github.com/keptn/keptn/lighthouse-service/event_handler/evaluate_sli_handler.go:270.2,270.65 1 2
github.com/keptn/keptn/lighthouse-service/event_handler/evaluate_sli_handler.go:294.2,294.12 1 2
github.com/keptn/keptn/lighthouse-service/event_handler/evaluate_sli_handler.go:250.33,256.3 5 1
github.com/keptn/keptn/lighthouse-service/event_handler/evaluate_sli_handler.go:258.70,260.3 1 3
github.com/keptn/keptn/lighthouse-service/event_handler/evaluate_sli_handler.go:263.68,265.3 1 0
github.com/keptn/keptn/lighthouse-service/event_handler/evaluate_sli_handler.go:267.16,269.3 1 0
github.com/keptn/keptn/lighthouse-service/event_handler/evaluate_sli_handler.go:270.65,274.3 3 1
github.com/keptn/keptn/lighthouse-service/event_handler/evaluate_sli_handler.go:274.8,274.64 1 1
github.com/keptn/keptn/lighthouse-service/event_handler/evaluate_sli_handler.go:274.64,277.17 2 0
github.com/keptn/keptn/lighthouse-service/event_handler/evaluate_sli_handler.go:280.3,280.49 1 0
github.com/keptn/keptn/lighthouse-service/event_handler/evaluate_sli_handler.go:277.17,279.4 1 0
github.com/keptn/keptn/lighthouse-service/event_handler/evaluate_sli_handler.go:280.49,284.4 3 0
github.com/keptn/keptn/lighthouse-service/event_handler/evaluate_sli_handler.go:284.9,288.4 3 0
github.com/keptn/keptn/lighthouse-service/event_handler/evaluate_sli_handler.go:289.8,293.3 3 1
github.com/keptn/keptn/lighthouse-service/event_handler/evaluate_sli_handler.go:297.76,298.36 1 8
github.com/keptn/keptn/lighthouse-service/event_handler/evaluate_sli_handler.go:303.2,303.12 1 0
github.com/keptn/keptn/lighthouse-service/event_handler/evaluate_sli_handler.go:298.36,299.30 1 10
github.com/keptn/keptn/lighthouse-service/event_handler/evaluate_sli_handler.go:299.30,301.4 1 8
github.com/keptn/keptn/lighthouse-service/event_handler/evaluate_sli_handler.go:306.211,310.35 4 10
github.com/keptn/keptn/lighthouse-service/event_handler/evaluate_sli_handler.go:320.2,320.35 1 10
github.com/keptn/keptn/lighthouse-service/event_handler/evaluate_sli_handler.go:310.35,312.24 2 18
github.com/keptn/keptn/lighthouse-service/event_handler/evaluate_sli_handler.go:316.3,316.52 1 18
github.com/keptn/keptn/lighthouse-service/event_handler/evaluate_sli_handler.go:312.24,315.4 1 11
github.com/keptn/keptn/lighthouse-service/event_handler/evaluate_sli_handler.go:316.52,318.4 1 19
github.com/keptn/keptn/lighthouse-service/event_handler/evaluate_sli_handler.go:324.202,327.48 3 20
github.com/keptn/keptn/lighthouse-service/event_handler/evaluate_sli_handler.go:340.2,340.35 1 20
github.com/keptn/keptn/lighthouse-service/event_handler/evaluate_sli_handler.go:327.48,332.25 3 23
github.com/keptn/keptn/lighthouse-service/event_handler/evaluate_sli_handler.go:338.3,338.42 1 23
github.com/keptn/keptn/lighthouse-service/event_handler/evaluate_sli_handler.go:332.25,335.4 2 8
github.com/keptn/keptn/lighthouse-service/event_handler/evaluate_sli_handler.go:335.9,337.4 1 15
github.com/keptn/keptn/lighthouse-service/event_handler/evaluate_sli_handler.go:343.201,344.24 1 31
github.com/keptn/keptn/lighthouse-service/event_handler/evaluate_sli_handler.go:348.2,350.16 2 31
github.com/keptn/keptn/lighthouse-service/event_handler/evaluate_sli_handler.go:354.2,354.22 1 31
github.com/keptn/keptn/lighthouse-service/event_handler/evaluate_sli_handler.go:359.2,359.82 1 19
github.com/keptn/keptn/lighthouse-service/event_handler/evaluate_sli_handler.go:344.24,346.3 1 0
github.com/keptn/keptn/lighthouse-service/event_handler/evaluate_sli_handler.go:350.16,352.3 1 0
github.com/keptn/keptn/lighthouse-service/event_handler/evaluate_sli_handler.go:354.22,357.3 1 12
github.com/keptn/keptn/lighthouse-service/event_handler/evaluate_sli_handler.go:362.200,368.31 4 26
github.com/keptn/keptn/lighthouse-service/event_handler/evaluate_sli_handler.go:373.2,373.38 1 25
github.com/keptn/keptn/lighthouse-service/event_handler/evaluate_sli_handler.go:380.2,380.30 1 25
github.com/keptn/keptn/lighthouse-service/event_handler/evaluate_sli_handler.go:386.2,386.38 1 24
github.com/keptn/keptn/lighthouse-service/event_handler/evaluate_sli_handler.go:400.2,400.44 1 24
github.com/keptn/keptn/lighthouse-service/event_handler/evaluate_sli_handler.go:409.2,411.65 2 24
github.com/keptn/keptn/lighthouse-service/event_handler/evaluate_sli_handler.go:368.31,371.3 1 1
github.com/keptn/keptn/lighthouse-service/event_handler/evaluate_sli_handler.go:373.38,374.32 1 44
github.com/keptn/keptn/lighthouse-service/event_handler/evaluate_sli_handler.go:374.32,377.4 1 43
github.com/keptn/keptn/lighthouse-service/event_handler/evaluate_sli_handler.go:380.30,383.3 1 1
github.com/keptn/keptn/lighthouse-service/event_handler/evaluate_sli_handler.go:387.13,388.53 1 22
github.com/keptn/keptn/lighthouse-service/event_handler/evaluate_sli_handler.go:389.13,390.80 1 2
github.com/keptn/keptn/lighthouse-service/event_handler/evaluate_sli_handler.go:391.13,392.80 1 0
github.com/keptn/keptn/lighthouse-service/event_handler/evaluate_sli_handler.go:393.13,394.81 1 0
github.com/keptn/keptn/lighthouse-service/event_handler/evaluate_sli_handler.go:395.10,396.8 1 0
github.com/keptn/keptn/lighthouse-service/event_handler/evaluate_sli_handler.go:400.44,402.3 1 19
github.com/keptn/keptn/lighthouse-service/event_handler/evaluate_sli_handler.go:402.8,402.52 1 5
github.com/keptn/keptn/lighthouse-service/event_handler/evaluate_sli_handler.go:402.52,404.3 1 1
github.com/keptn/keptn/lighthouse-service/event_handler/evaluate_sli_handler.go:404.8,404.52 1 4
github.com/keptn/keptn/lighthouse-service/event_handler/evaluate_sli_handler.go:404.52,406.3 1 2
github.com/keptn/keptn/lighthouse-service/event_handler/evaluate_sli_handler.go:406.8,406.53 1 2
github.com/keptn/keptn/lighthouse-service/event_handler/evaluate_sli_handler.go:406.53,408.3 1 2
github.com/keptn/keptn/lighthouse-service/event_handler/evaluate_sli_handler.go:414.49,417.31 2 22
github.com/keptn/keptn/lighthouse-service/event_handler/evaluate_sli_handler.go:420.2,420.21 1 22
github.com/keptn/keptn/lighthouse-service/event_handler/evaluate_sli_handler.go:423.2,423.12 1 0
github.com/keptn/keptn/lighthouse-service/event_handler/evaluate_sli_handler.go:417.31,419.3 1 39
github.com/keptn/keptn/lighthouse-service/event_handler/evaluate_sli_handler.go:420.21,422.3 1 22
github.com/keptn/keptn/lighthouse-service/event_handler/evaluate_sli_handler.go:426.74,427.22 1 5
github.com/keptn/keptn/lighthouse-service/event_handler/evaluate_sli_handler.go:430.2,434.14 4 5
github.com/keptn/keptn/lighthouse-service/event_handler/evaluate_sli_handler.go:449.2,449.18 1 5
github.com/keptn/keptn/lighthouse-service/event_handler/evaluate_sli_handler.go:427.22,429.3 1 0
github.com/keptn/keptn/lighthouse-service/event_handler/evaluate_sli_handler.go:434.14,436.24 2 5
github.com/keptn/keptn/lighthouse-service/event_handler/evaluate_sli_handler.go:436.24,438.17 2 5
github.com/keptn/keptn/lighthouse-service/event_handler/evaluate_sli_handler.go:438.17,440.5 1 0
github.com/keptn/keptn/lighthouse-service/event_handler/evaluate_sli_handler.go:440.10,440.35 1 5
github.com/keptn/keptn/lighthouse-service/event_handler/evaluate_sli_handler.go:440.35,442.5 1 1
github.com/keptn/keptn/lighthouse-service/event_handler/evaluate_sli_handler.go:442.10,446.5 3 4
github.com/keptn/keptn/lighthouse-service/event_handler/evaluate_sli_handler.go:452.123,455.2 2 15
github.com/keptn/keptn/lighthouse-service/event_handler/evaluate_sli_handler.go:457.87,458.18 1 45
github.com/keptn/keptn/lighthouse-service/event_handler/evaluate_sli_handler.go:459.11,460.34 1 4
github.com/keptn/keptn/lighthouse-service/event_handler/evaluate_sli_handler.go:461.12,462.35 1 27
github.com/keptn/keptn/lighthouse-service/event_handler/evaluate_sli_handler.go:463.11,464.35 1 5
github.com/keptn/keptn/lighthouse-service/event_handler/evaluate_sli_handler.go:465.12,466.35 1 2
github.com/keptn/keptn/lighthouse-service/event_handler/evaluate_sli_handler.go:467.11,468.34 1 5
github.com/keptn/keptn/lighthouse-service/event_handler/evaluate_sli_handler.go:469.10,470.46 1 2
github.com/keptn/keptn/lighthouse-service/event_handler/evaluate_sli_handler.go:474.68,485.31 5 41
github.com/keptn/keptn/lighthouse-service/event_handler/evaluate_sli_handler.go:489.2,493.37 3 41
github.com/keptn/keptn/lighthouse-service/event_handler/evaluate_sli_handler.go:501.2,501.38 1 41
github.com/keptn/keptn/lighthouse-service/event_handler/evaluate_sli_handler.go:508.2,508.38 1 41
github.com/keptn/keptn/lighthouse-service/event_handler/evaluate_sli_handler.go:518.2,519.16 2 41
github.com/keptn/keptn/lighthouse-service/event_handler/evaluate_sli_handler.go:522.2,524.15 2 41
github.com/keptn/keptn/lighthouse-service/event_handler/evaluate_sli_handler.go:485.31,487.3 1 0
github.com/keptn/keptn/lighthouse-service/event_handler/evaluate_sli_handler.go:493.37,494.44 1 65
github.com/keptn/keptn/lighthouse-service/event_handler/evaluate_sli_handler.go:494.44,497.9 3 41
github.com/keptn/keptn/lighthouse-service/event_handler/evaluate_sli_handler.go:501.38,506.3 4 21
github.com/keptn/keptn/lighthouse-service/event_handler/evaluate_sli_handler.go:508.38,512.3 3 2
github.com/keptn/keptn/lighthouse-service/event_handler/evaluate_sli_handler.go:512.8,512.45 1 39
github.com/keptn/keptn/lighthouse-service/event_handler/evaluate_sli_handler.go:512.45,516.3 3 21
github.com/keptn/keptn/lighthouse-service/event_handler/evaluate_sli_handler.go:519.16,521.3 1 0
github.com/keptn/keptn/lighthouse-service/event_handler/evaluate_sli_handler.go:528.201,533.6 4 2
github.com/keptn/keptn/lighthouse-service/event_handler/evaluate_sli_handler.go:598.2,598.44 1 0
github.com/keptn/keptn/lighthouse-service/event_handler/evaluate_sli_handler.go:533.6,544.17 6 3
github.com/keptn/keptn/lighthouse-service/event_handler/evaluate_sli_handler.go:547.3,549.29 3 3
github.com/keptn/keptn/lighthouse-service/event_handler/evaluate_sli_handler.go:552.3,554.17 3 3
github.com/keptn/keptn/lighthouse-service/event_handler/evaluate_sli_handler.go:559.3,559.47 1 3
github.com/keptn/keptn/lighthouse-service/event_handler/evaluate_sli_handler.go:593.3,593.76 1 1
github.com/keptn/keptn/lighthouse-service/event_handler/evaluate_sli_handler.go:596.3,596.43 1 1
github.com/keptn/keptn/lighthouse-service/event_handler/evaluate_sli_handler.go:544.17,546.4 1 0
github.com/keptn/keptn/lighthouse-service/event_handler/evaluate_sli_handler.go:549.29,551.4 1 0
github.com/keptn/keptn/lighthouse-service/event_handler/evaluate_sli_handler.go:554.17,556.4 1 0
github.com/keptn/keptn/lighthouse-service/event_handler/evaluate_sli_handler.go:559.47,561.18 2 6
github.com/keptn/keptn/lighthouse-service/event_handler/evaluate_sli_handler.go:564.4,567.18 3 6
github.com/keptn/keptn/lighthouse-service/event_handler/evaluate_sli_handler.go:570.4,570.25 1 6
github.com/keptn/keptn/lighthouse-service/event_handler/evaluate_sli_handler.go:588.4,588.60 1 6
github.com/keptn/keptn/lighthouse-service/event_handler/evaluate_sli_handler.go:561.18,562.13 1 0
github.com/keptn/keptn/lighthouse-service/event_handler/evaluate_sli_handler.go:567.18,568.13 1 0
github.com/keptn/keptn/lighthouse-service/event_handler/evaluate_sli_handler.go:571.16,572.70 1 5
github.com/keptn/keptn/lighthouse-service/event_handler/evaluate_sli_handler.go:576.5,576.10 1 5
github.com/keptn/keptn/lighthouse-service/event_handler/evaluate_sli_handler.go:577.24,578.138 1 0
github.com/keptn/keptn/lighthouse-service/event_handler/evaluate_sli_handler.go:582.5,582.10 1 0
github.com/keptn/keptn/lighthouse-service/event_handler/evaluate_sli_handler.go:583.12,586.10 3 1
github.com/keptn/keptn/lighthouse-service/event_handler/evaluate_sli_handler.go:572.70,575.6 2 3
github.com/keptn/keptn/lighthouse-service/event_handler/evaluate_sli_handler.go:578.138,581.6 2 0
github.com/keptn/keptn/lighthouse-service/event_handler/evaluate_sli_handler.go:588.60,590.5 1 2
github.com/keptn/keptn/lighthouse-service/event_handler/evaluate_sli_handler.go:593.76,594.9 1 0
github.com/keptn/keptn/lighthouse-service/event_handler/evaluate_sli_handler.go:601.140,609.39 2 1
github.com/keptn/keptn/lighthouse-service/event_handler/evaluate_sli_handler.go:615.2,621.16 4 1
github.com/keptn/keptn/lighthouse-service/event_handler/evaluate_sli_handler.go:625.2,625.32 1 1
github.com/keptn/keptn/lighthouse-service/event_handler/evaluate_sli_handler.go:609.39,613.3 3 0
github.com/keptn/keptn/lighthouse-service/event_handler/evaluate_sli_handler.go:621.16,624.3 2 0
github.com/keptn/keptn/lighthouse-service/event_handler/handler.go:16.107,23.16 4 5
github.com/keptn/keptn/lighthouse-service/event_handler/handler.go:26.2,26.22 1 5
github.com/keptn/keptn/lighthouse-service/event_handler/handler.go:23.16,25.3 1 0
github.com/keptn/keptn/lighthouse-service/event_handler/handler.go:27.38,28.123 1 1
github.com/keptn/keptn/lighthouse-service/event_handler/handler.go:29.65,30.123 1 1
github.com/keptn/keptn/lighthouse-service/event_handler/handler.go:31.41,32.104 1 1
github.com/keptn/keptn/lighthouse-service/event_handler/handler.go:33.42,34.84 1 1
github.com/keptn/keptn/lighthouse-service/event_handler/handler.go:35.10,37.18 2 1
github.com/keptn/keptn/lighthouse-service/event_handler/start_evaluation_handler.go:17.55,24.16 5 3
github.com/keptn/keptn/lighthouse-service/event_handler/start_evaluation_handler.go:29.2,35.16 4 3
github.com/keptn/keptn/lighthouse-service/event_handler/start_evaluation_handler.go:41.2,45.37 4 3
github.com/keptn/keptn/lighthouse-service/event_handler/start_evaluation_handler.go:98.2,100.16 3 0
github.com/keptn/keptn/lighthouse-service/event_handler/start_evaluation_handler.go:128.2,130.12 3 0
github.com/keptn/keptn/lighthouse-service/event_handler/start_evaluation_handler.go:24.16,27.3 2 0
github.com/keptn/keptn/lighthouse-service/event_handler/start_evaluation_handler.go:35.16,38.3 2 0
github.com/keptn/keptn/lighthouse-service/event_handler/start_evaluation_handler.go:45.37,47.51 2 0
github.com/keptn/keptn/lighthouse-service/event_handler/start_evaluation_handler.go:51.3,51.31 1 0
github.com/keptn/keptn/lighthouse-service/event_handler/start_evaluation_handler.go:47.51,49.4 1 0
github.com/keptn/keptn/lighthouse-service/event_handler/start_evaluation_handler.go:51.31,52.46 1 0
github.com/keptn/keptn/lighthouse-service/event_handler/start_evaluation_handler.go:52.46,58.5 2 0
github.com/keptn/keptn/lighthouse-service/event_handler/start_evaluation_handler.go:60.8,60.52 1 3
github.com/keptn/keptn/lighthouse-service/event_handler/start_evaluation_handler.go:60.52,62.32 2 3
github.com/keptn/keptn/lighthouse-service/event_handler/start_evaluation_handler.go:72.3,92.148 3 3
github.com/keptn/keptn/lighthouse-service/event_handler/start_evaluation_handler.go:62.32,65.4 2 0
github.com/keptn/keptn/lighthouse-service/event_handler/start_evaluation_handler.go:65.9,65.37 1 3
github.com/keptn/keptn/lighthouse-service/event_handler/start_evaluation_handler.go:65.37,68.4 2 0
github.com/keptn/keptn/lighthouse-service/event_handler/start_evaluation_handler.go:68.9,68.39 1 3
github.com/keptn/keptn/lighthouse-service/event_handler/start_evaluation_handler.go:68.39,71.4 2 0
github.com/keptn/keptn/lighthouse-service/event_handler/start_evaluation_handler.go:93.8,93.52 1 0
github.com/keptn/keptn/lighthouse-service/event_handler/start_evaluation_handler.go:93.52,95.3 1 0
github.com/keptn/keptn/lighthouse-service/event_handler/start_evaluation_handler.go:100.16,102.17 2 0
github.com/keptn/keptn/lighthouse-service/event_handler/start_evaluation_handler.go:102.17,125.4 4 0
github.com/keptn/keptn/lighthouse-service/event_handler/start_evaluation_handler.go:133.261,157.2 10 0
github.com/keptn/keptn/lighthouse-service/event_handler/start_evaluation_handler.go:159.67,163.16 3 0
github.com/keptn/keptn/lighthouse-service/event_handler/start_evaluation_handler.go:166.2,166.17 1 0
github.com/keptn/keptn/lighthouse-service/event_handler/start_evaluation_handler.go:163.16,165.3 1 0
